#
# There is insufficient memory for the Java Runtime Environment to continue.
# Native memory allocation (malloc) failed to allocate 32744 bytes. Error detail: Chunk::new
# Possible reasons:
#   The system is out of physical RAM or swap space
#   This process is running with CompressedOops enabled, and the Java Heap may be blocking the growth of the native heap
# Possible solutions:
#   Reduce memory load on the system
#   Increase physical memory or swap space
#   Check if swap backing store is full
#   Decrease Java heap size (-Xmx/-Xms)
#   Decrease number of Java threads
#   Decrease Java thread stack sizes (-Xss)
#   Set larger code cache with -XX:ReservedCodeCacheSize=
#   JVM is running with Zero Based Compressed Oops mode in which the Java heap is
#     placed in the first 32GB address space. The Java Heap base address is the
#     maximum limit for the native heap growth. Please use -XX:HeapBaseMinAddress
#     to set the Java Heap base and to place the Java Heap above 32GB virtual address.
# This output file may be truncated or incomplete.
#
#  Out of Memory Error (arena.cpp:150), pid=25780, tid=29368
#
# JRE version: OpenJDK Runtime Environment (22.0.2+9) (build 22.0.2+9-70)
# Java VM: OpenJDK 64-Bit Server VM (22.0.2+9-70, mixed mode, sharing, tiered, compressed oops, compressed class ptrs, g1 gc, windows-amd64)
# No core dump will be written. Minidumps are not enabled by default on client versions of Windows
#

---------------  S U M M A R Y ------------

Command Line: -javaagent:D:\Program Files\JetBrains\IntelliJ IDEA Community Edition 2021.3.3\lib\idea_rt.jar=55879:D:\Program Files\JetBrains\IntelliJ IDEA Community Edition 2021.3.3\bin -Dfile.encoding=UTF-8 com.shoppingweb.ShoppingWebApplication

Host: 12th Gen Intel(R) Core(TM) i5-12500H, 16 cores, 15G,  Windows 11 , 64 bit Build 22621 (10.0.22621.4391)
Time: Mon Dec  2 23:46:07 2024  Windows 11 , 64 bit Build 22621 (10.0.22621.4391) elapsed time: 0.082947 seconds (0d 0h 0m 0s)

---------------  T H R E A D  ---------------

Current thread (0x0000023835ca6c50):  JavaThread "C1 CompilerThread3" daemon [_thread_in_native, id=29368, stack(0x000000adc9800000,0x000000adc9900000) (1024K)]


Current CompileTask:
C1:82  191       3       java.lang.AbstractStringBuilder::inflateIfNeededFor (22 bytes)

Stack: [0x000000adc9800000,0x000000adc9900000]
Native frames: (J=compiled Java code, j=interpreted, Vv=VM code, C=native code)
V  [jvm.dll+0x6e26e9]  (no source info available)
V  [jvm.dll+0x875753]  (no source info available)
V  [jvm.dll+0x877b7e]  (no source info available)
V  [jvm.dll+0x878253]  (no source info available)
V  [jvm.dll+0x27fc86]  (no source info available)
V  [jvm.dll+0xc3d0f]  (no source info available)
V  [jvm.dll+0xc3f6b]  (no source info available)
V  [jvm.dll+0x193de7]  (no source info available)
V  [jvm.dll+0x196e1a]  (no source info available)
V  [jvm.dll+0x198714]  (no source info available)
V  [jvm.dll+0x153e45]  (no source info available)
V  [jvm.dll+0x1535c3]  (no source info available)
V  [jvm.dll+0x1538a0]  (no source info available)
V  [jvm.dll+0x152c1d]  (no source info available)
V  [jvm.dll+0x154add]  (no source info available)
V  [jvm.dll+0x2568f3]  (no source info available)
V  [jvm.dll+0x254baa]  (no source info available)
V  [jvm.dll+0x3f57a6]  (no source info available)
V  [jvm.dll+0x81dc0b]  (no source info available)
V  [jvm.dll+0x6e0d85]  (no source info available)
C  [ucrtbase.dll+0x29333]  (no source info available)
C  [KERNEL32.DLL+0x1259d]  (no source info available)
C  [ntdll.dll+0x5af38]  (no source info available)


---------------  P R O C E S S  ---------------

Threads class SMR info:
_java_thread_list=0x0000023835c61160, length=14, elements={
0x000002381612bcb0, 0x0000023835b65470, 0x0000023835b69b00, 0x0000023835b6bd00,
0x0000023835b6c370, 0x0000023835b6ce00, 0x0000023835b73cf0, 0x0000023835b71a90,
0x0000023835b72e90, 0x0000023835c9fdc0, 0x0000023835ca6580, 0x0000023835ca4a40,
0x0000023835ca6c50, 0x0000023835ca4370
}

Java Threads: ( => current thread )
  0x000002381612bcb0 JavaThread "main"                              [_thread_in_vm, id=6572, stack(0x000000adc8500000,0x000000adc8600000) (1024K)]
  0x0000023835b65470 JavaThread "Reference Handler"          daemon [_thread_blocked, id=25252, stack(0x000000adc8d00000,0x000000adc8e00000) (1024K)]
  0x0000023835b69b00 JavaThread "Finalizer"                  daemon [_thread_blocked, id=27352, stack(0x000000adc8e00000,0x000000adc8f00000) (1024K)]
  0x0000023835b6bd00 JavaThread "Signal Dispatcher"          daemon [_thread_blocked, id=5732, stack(0x000000adc8f00000,0x000000adc9000000) (1024K)]
  0x0000023835b6c370 JavaThread "Attach Listener"            daemon [_thread_blocked, id=8396, stack(0x000000adc9000000,0x000000adc9100000) (1024K)]
  0x0000023835b6ce00 JavaThread "Service Thread"             daemon [_thread_blocked, id=28608, stack(0x000000adc9100000,0x000000adc9200000) (1024K)]
  0x0000023835b73cf0 JavaThread "Monitor Deflation Thread"   daemon [_thread_blocked, id=29568, stack(0x000000adc9200000,0x000000adc9300000) (1024K)]
  0x0000023835b71a90 JavaThread "C2 CompilerThread0"         daemon [_thread_blocked, id=22516, stack(0x000000adc9300000,0x000000adc9400000) (1024K)]
  0x0000023835b72e90 JavaThread "C1 CompilerThread0"         daemon [_thread_blocked, id=30828, stack(0x000000adc9400000,0x000000adc9500000) (1024K)]
  0x0000023835c9fdc0 JavaThread "Common-Cleaner"             daemon [_thread_blocked, id=26108, stack(0x000000adc9500000,0x000000adc9600000) (1024K)]
  0x0000023835ca6580 JavaThread "C1 CompilerThread1"         daemon [_thread_blocked, id=17484, stack(0x000000adc9600000,0x000000adc9700000) (1024K)]
  0x0000023835ca4a40 JavaThread "C1 CompilerThread2"         daemon [_thread_blocked, id=16764, stack(0x000000adc9700000,0x000000adc9800000) (1024K)]
=>0x0000023835ca6c50 JavaThread "C1 CompilerThread3"         daemon [_thread_in_native, id=29368, stack(0x000000adc9800000,0x000000adc9900000) (1024K)]
  0x0000023835ca4370 JavaThread "C2 CompilerThread1"         daemon [_thread_in_native, id=29936, stack(0x000000adc9900000,0x000000adc9a00000) (1024K)]
Total: 14

Other Threads:
  0x0000023835b45d20 VMThread "VM Thread"                           [id=16520, stack(0x000000adc8c00000,0x000000adc8d00000) (1024K)]
  0x0000023835b2ccc0 WatcherThread "VM Periodic Task Thread"        [id=4456, stack(0x000000adc8b00000,0x000000adc8c00000) (1024K)]
  0x0000023816195890 WorkerThread "GC Thread#0"                     [id=8084, stack(0x000000adc8600000,0x000000adc8700000) (1024K)]
  0x00000238161a65f0 ConcurrentGCThread "G1 Main Marker"            [id=16996, stack(0x000000adc8700000,0x000000adc8800000) (1024K)]
  0x00000238161a78a0 WorkerThread "G1 Conc#0"                       [id=33740, stack(0x000000adc8800000,0x000000adc8900000) (1024K)]
  0x00000238359f7630 ConcurrentGCThread "G1 Refine#0"               [id=15716, stack(0x000000adc8900000,0x000000adc8a00000) (1024K)]
  0x00000238359f9dd0 ConcurrentGCThread "G1 Service"                [id=2184, stack(0x000000adc8a00000,0x000000adc8b00000) (1024K)]
Total: 7

Threads with active compile tasks:
C1 CompilerThread3  116  191       3       java.lang.AbstractStringBuilder::inflateIfNeededFor (22 bytes)
C2 CompilerThread1  116  177       4       java.util.HashMap::putVal (300 bytes)
Total: 2

VM state: not at safepoint (normal execution)

VM Mutex/Monitor currently owned by a thread:  ([mutex/lock_event])
[0x00007ffde993ab00] Metaspace_lock - owner thread: 0x000002381612bcb0

Heap address: 0x0000000704400000, size: 4028 MB, Compressed Oops mode: Zero based, Oop shift amount: 3

CDS archive(s) mapped at: [0x0000023836000000-0x0000023836c60000-0x0000023836c60000), size 12976128, SharedBaseAddress: 0x0000023836000000, ArchiveRelocationMode: 1.
Compressed class space mapped at: 0x0000023837000000-0x0000023877000000, reserved size: 1073741824
Narrow klass base: 0x0000023836000000, Narrow klass shift: 0, Narrow klass range: 0x41000000

GC Precious Log:
 CardTable entry size: 512
 Card Set container configuration: InlinePtr #cards 4 size 8 Array Of Cards #cards 16 size 48 Howl #buckets 8 coarsen threshold 3686 Howl Bitmap #cards 512 size 80 coarsen threshold 460 Card regions per heap region 1 cards per card region 4096
 CPUs: 16 total, 16 available
 Memory: 16108M
 Large Page Support: Disabled
 NUMA Support: Disabled
 Compressed Oops: Enabled (Zero based)
 Heap Region Size: 2M
 Heap Min Capacity: 8M
 Heap Initial Capacity: 252M
 Heap Max Capacity: 4028M
 Pre-touch: Disabled
 Parallel Workers: 13
 Concurrent Workers: 3
 Concurrent Refinement Workers: 13
 Periodic GC: Disabled

Heap:
 garbage-first heap   total reserved 4124672K, committed 258048K, used 2048K [0x0000000704400000, 0x0000000800000000)
  region size 2048K, 2 young (4096K), 0 survivors (0K)
 Metaspace       used 338K, committed 512K, reserved 1114112K
  class space    used 16K, committed 128K, reserved 1048576K

Heap Regions: E=young(eden), S=young(survivor), O=old, HS=humongous(starts), HC=humongous(continues), CS=collection set, F=free, TAMS=top-at-mark-start, PB=parsable bottom
|   0|0x0000000704400000, 0x0000000704400000, 0x0000000704600000|  0%| F|  |TAMS 0x0000000704400000| PB 0x0000000704400000| Untracked |  0
|   1|0x0000000704600000, 0x0000000704600000, 0x0000000704800000|  0%| F|  |TAMS 0x0000000704600000| PB 0x0000000704600000| Untracked |  0
|   2|0x0000000704800000, 0x0000000704800000, 0x0000000704a00000|  0%| F|  |TAMS 0x0000000704800000| PB 0x0000000704800000| Untracked |  0
|   3|0x0000000704a00000, 0x0000000704a00000, 0x0000000704c00000|  0%| F|  |TAMS 0x0000000704a00000| PB 0x0000000704a00000| Untracked |  0
|   4|0x0000000704c00000, 0x0000000704c00000, 0x0000000704e00000|  0%| F|  |TAMS 0x0000000704c00000| PB 0x0000000704c00000| Untracked |  0
|   5|0x0000000704e00000, 0x0000000704e00000, 0x0000000705000000|  0%| F|  |TAMS 0x0000000704e00000| PB 0x0000000704e00000| Untracked |  0
|   6|0x0000000705000000, 0x0000000705000000, 0x0000000705200000|  0%| F|  |TAMS 0x0000000705000000| PB 0x0000000705000000| Untracked |  0
|   7|0x0000000705200000, 0x0000000705200000, 0x0000000705400000|  0%| F|  |TAMS 0x0000000705200000| PB 0x0000000705200000| Untracked |  0
|   8|0x0000000705400000, 0x0000000705400000, 0x0000000705600000|  0%| F|  |TAMS 0x0000000705400000| PB 0x0000000705400000| Untracked |  0
|   9|0x0000000705600000, 0x0000000705600000, 0x0000000705800000|  0%| F|  |TAMS 0x0000000705600000| PB 0x0000000705600000| Untracked |  0
|  10|0x0000000705800000, 0x0000000705800000, 0x0000000705a00000|  0%| F|  |TAMS 0x0000000705800000| PB 0x0000000705800000| Untracked |  0
|  11|0x0000000705a00000, 0x0000000705a00000, 0x0000000705c00000|  0%| F|  |TAMS 0x0000000705a00000| PB 0x0000000705a00000| Untracked |  0
|  12|0x0000000705c00000, 0x0000000705c00000, 0x0000000705e00000|  0%| F|  |TAMS 0x0000000705c00000| PB 0x0000000705c00000| Untracked |  0
|  13|0x0000000705e00000, 0x0000000705e00000, 0x0000000706000000|  0%| F|  |TAMS 0x0000000705e00000| PB 0x0000000705e00000| Untracked |  0
|  14|0x0000000706000000, 0x0000000706000000, 0x0000000706200000|  0%| F|  |TAMS 0x0000000706000000| PB 0x0000000706000000| Untracked |  0
|  15|0x0000000706200000, 0x0000000706200000, 0x0000000706400000|  0%| F|  |TAMS 0x0000000706200000| PB 0x0000000706200000| Untracked |  0
|  16|0x0000000706400000, 0x0000000706400000, 0x0000000706600000|  0%| F|  |TAMS 0x0000000706400000| PB 0x0000000706400000| Untracked |  0
|  17|0x0000000706600000, 0x0000000706600000, 0x0000000706800000|  0%| F|  |TAMS 0x0000000706600000| PB 0x0000000706600000| Untracked |  0
|  18|0x0000000706800000, 0x0000000706800000, 0x0000000706a00000|  0%| F|  |TAMS 0x0000000706800000| PB 0x0000000706800000| Untracked |  0
|  19|0x0000000706a00000, 0x0000000706a00000, 0x0000000706c00000|  0%| F|  |TAMS 0x0000000706a00000| PB 0x0000000706a00000| Untracked |  0
|  20|0x0000000706c00000, 0x0000000706c00000, 0x0000000706e00000|  0%| F|  |TAMS 0x0000000706c00000| PB 0x0000000706c00000| Untracked |  0
|  21|0x0000000706e00000, 0x0000000706e00000, 0x0000000707000000|  0%| F|  |TAMS 0x0000000706e00000| PB 0x0000000706e00000| Untracked |  0
|  22|0x0000000707000000, 0x0000000707000000, 0x0000000707200000|  0%| F|  |TAMS 0x0000000707000000| PB 0x0000000707000000| Untracked |  0
|  23|0x0000000707200000, 0x0000000707200000, 0x0000000707400000|  0%| F|  |TAMS 0x0000000707200000| PB 0x0000000707200000| Untracked |  0
|  24|0x0000000707400000, 0x0000000707400000, 0x0000000707600000|  0%| F|  |TAMS 0x0000000707400000| PB 0x0000000707400000| Untracked |  0
|  25|0x0000000707600000, 0x0000000707600000, 0x0000000707800000|  0%| F|  |TAMS 0x0000000707600000| PB 0x0000000707600000| Untracked |  0
|  26|0x0000000707800000, 0x0000000707800000, 0x0000000707a00000|  0%| F|  |TAMS 0x0000000707800000| PB 0x0000000707800000| Untracked |  0
|  27|0x0000000707a00000, 0x0000000707a00000, 0x0000000707c00000|  0%| F|  |TAMS 0x0000000707a00000| PB 0x0000000707a00000| Untracked |  0
|  28|0x0000000707c00000, 0x0000000707c00000, 0x0000000707e00000|  0%| F|  |TAMS 0x0000000707c00000| PB 0x0000000707c00000| Untracked |  0
|  29|0x0000000707e00000, 0x0000000707e00000, 0x0000000708000000|  0%| F|  |TAMS 0x0000000707e00000| PB 0x0000000707e00000| Untracked |  0
|  30|0x0000000708000000, 0x0000000708000000, 0x0000000708200000|  0%| F|  |TAMS 0x0000000708000000| PB 0x0000000708000000| Untracked |  0
|  31|0x0000000708200000, 0x0000000708200000, 0x0000000708400000|  0%| F|  |TAMS 0x0000000708200000| PB 0x0000000708200000| Untracked |  0
|  32|0x0000000708400000, 0x0000000708400000, 0x0000000708600000|  0%| F|  |TAMS 0x0000000708400000| PB 0x0000000708400000| Untracked |  0
|  33|0x0000000708600000, 0x0000000708600000, 0x0000000708800000|  0%| F|  |TAMS 0x0000000708600000| PB 0x0000000708600000| Untracked |  0
|  34|0x0000000708800000, 0x0000000708800000, 0x0000000708a00000|  0%| F|  |TAMS 0x0000000708800000| PB 0x0000000708800000| Untracked |  0
|  35|0x0000000708a00000, 0x0000000708a00000, 0x0000000708c00000|  0%| F|  |TAMS 0x0000000708a00000| PB 0x0000000708a00000| Untracked |  0
|  36|0x0000000708c00000, 0x0000000708c00000, 0x0000000708e00000|  0%| F|  |TAMS 0x0000000708c00000| PB 0x0000000708c00000| Untracked |  0
|  37|0x0000000708e00000, 0x0000000708e00000, 0x0000000709000000|  0%| F|  |TAMS 0x0000000708e00000| PB 0x0000000708e00000| Untracked |  0
|  38|0x0000000709000000, 0x0000000709000000, 0x0000000709200000|  0%| F|  |TAMS 0x0000000709000000| PB 0x0000000709000000| Untracked |  0
|  39|0x0000000709200000, 0x0000000709200000, 0x0000000709400000|  0%| F|  |TAMS 0x0000000709200000| PB 0x0000000709200000| Untracked |  0
|  40|0x0000000709400000, 0x0000000709400000, 0x0000000709600000|  0%| F|  |TAMS 0x0000000709400000| PB 0x0000000709400000| Untracked |  0
|  41|0x0000000709600000, 0x0000000709600000, 0x0000000709800000|  0%| F|  |TAMS 0x0000000709600000| PB 0x0000000709600000| Untracked |  0
|  42|0x0000000709800000, 0x0000000709800000, 0x0000000709a00000|  0%| F|  |TAMS 0x0000000709800000| PB 0x0000000709800000| Untracked |  0
|  43|0x0000000709a00000, 0x0000000709a00000, 0x0000000709c00000|  0%| F|  |TAMS 0x0000000709a00000| PB 0x0000000709a00000| Untracked |  0
|  44|0x0000000709c00000, 0x0000000709c00000, 0x0000000709e00000|  0%| F|  |TAMS 0x0000000709c00000| PB 0x0000000709c00000| Untracked |  0
|  45|0x0000000709e00000, 0x0000000709e00000, 0x000000070a000000|  0%| F|  |TAMS 0x0000000709e00000| PB 0x0000000709e00000| Untracked |  0
|  46|0x000000070a000000, 0x000000070a000000, 0x000000070a200000|  0%| F|  |TAMS 0x000000070a000000| PB 0x000000070a000000| Untracked |  0
|  47|0x000000070a200000, 0x000000070a200000, 0x000000070a400000|  0%| F|  |TAMS 0x000000070a200000| PB 0x000000070a200000| Untracked |  0
|  48|0x000000070a400000, 0x000000070a400000, 0x000000070a600000|  0%| F|  |TAMS 0x000000070a400000| PB 0x000000070a400000| Untracked |  0
|  49|0x000000070a600000, 0x000000070a600000, 0x000000070a800000|  0%| F|  |TAMS 0x000000070a600000| PB 0x000000070a600000| Untracked |  0
|  50|0x000000070a800000, 0x000000070a800000, 0x000000070aa00000|  0%| F|  |TAMS 0x000000070a800000| PB 0x000000070a800000| Untracked |  0
|  51|0x000000070aa00000, 0x000000070aa00000, 0x000000070ac00000|  0%| F|  |TAMS 0x000000070aa00000| PB 0x000000070aa00000| Untracked |  0
|  52|0x000000070ac00000, 0x000000070ac00000, 0x000000070ae00000|  0%| F|  |TAMS 0x000000070ac00000| PB 0x000000070ac00000| Untracked |  0
|  53|0x000000070ae00000, 0x000000070ae00000, 0x000000070b000000|  0%| F|  |TAMS 0x000000070ae00000| PB 0x000000070ae00000| Untracked |  0
|  54|0x000000070b000000, 0x000000070b000000, 0x000000070b200000|  0%| F|  |TAMS 0x000000070b000000| PB 0x000000070b000000| Untracked |  0
|  55|0x000000070b200000, 0x000000070b200000, 0x000000070b400000|  0%| F|  |TAMS 0x000000070b200000| PB 0x000000070b200000| Untracked |  0
|  56|0x000000070b400000, 0x000000070b400000, 0x000000070b600000|  0%| F|  |TAMS 0x000000070b400000| PB 0x000000070b400000| Untracked |  0
|  57|0x000000070b600000, 0x000000070b600000, 0x000000070b800000|  0%| F|  |TAMS 0x000000070b600000| PB 0x000000070b600000| Untracked |  0
|  58|0x000000070b800000, 0x000000070b800000, 0x000000070ba00000|  0%| F|  |TAMS 0x000000070b800000| PB 0x000000070b800000| Untracked |  0
|  59|0x000000070ba00000, 0x000000070ba00000, 0x000000070bc00000|  0%| F|  |TAMS 0x000000070ba00000| PB 0x000000070ba00000| Untracked |  0
|  60|0x000000070bc00000, 0x000000070bc00000, 0x000000070be00000|  0%| F|  |TAMS 0x000000070bc00000| PB 0x000000070bc00000| Untracked |  0
|  61|0x000000070be00000, 0x000000070be00000, 0x000000070c000000|  0%| F|  |TAMS 0x000000070be00000| PB 0x000000070be00000| Untracked |  0
|  62|0x000000070c000000, 0x000000070c000000, 0x000000070c200000|  0%| F|  |TAMS 0x000000070c000000| PB 0x000000070c000000| Untracked |  0
|  63|0x000000070c200000, 0x000000070c200000, 0x000000070c400000|  0%| F|  |TAMS 0x000000070c200000| PB 0x000000070c200000| Untracked |  0
|  64|0x000000070c400000, 0x000000070c400000, 0x000000070c600000|  0%| F|  |TAMS 0x000000070c400000| PB 0x000000070c400000| Untracked |  0
|  65|0x000000070c600000, 0x000000070c600000, 0x000000070c800000|  0%| F|  |TAMS 0x000000070c600000| PB 0x000000070c600000| Untracked |  0
|  66|0x000000070c800000, 0x000000070c800000, 0x000000070ca00000|  0%| F|  |TAMS 0x000000070c800000| PB 0x000000070c800000| Untracked |  0
|  67|0x000000070ca00000, 0x000000070ca00000, 0x000000070cc00000|  0%| F|  |TAMS 0x000000070ca00000| PB 0x000000070ca00000| Untracked |  0
|  68|0x000000070cc00000, 0x000000070cc00000, 0x000000070ce00000|  0%| F|  |TAMS 0x000000070cc00000| PB 0x000000070cc00000| Untracked |  0
|  69|0x000000070ce00000, 0x000000070ce00000, 0x000000070d000000|  0%| F|  |TAMS 0x000000070ce00000| PB 0x000000070ce00000| Untracked |  0
|  70|0x000000070d000000, 0x000000070d000000, 0x000000070d200000|  0%| F|  |TAMS 0x000000070d000000| PB 0x000000070d000000| Untracked |  0
|  71|0x000000070d200000, 0x000000070d200000, 0x000000070d400000|  0%| F|  |TAMS 0x000000070d200000| PB 0x000000070d200000| Untracked |  0
|  72|0x000000070d400000, 0x000000070d400000, 0x000000070d600000|  0%| F|  |TAMS 0x000000070d400000| PB 0x000000070d400000| Untracked |  0
|  73|0x000000070d600000, 0x000000070d600000, 0x000000070d800000|  0%| F|  |TAMS 0x000000070d600000| PB 0x000000070d600000| Untracked |  0
|  74|0x000000070d800000, 0x000000070d800000, 0x000000070da00000|  0%| F|  |TAMS 0x000000070d800000| PB 0x000000070d800000| Untracked |  0
|  75|0x000000070da00000, 0x000000070da00000, 0x000000070dc00000|  0%| F|  |TAMS 0x000000070da00000| PB 0x000000070da00000| Untracked |  0
|  76|0x000000070dc00000, 0x000000070dc00000, 0x000000070de00000|  0%| F|  |TAMS 0x000000070dc00000| PB 0x000000070dc00000| Untracked |  0
|  77|0x000000070de00000, 0x000000070de00000, 0x000000070e000000|  0%| F|  |TAMS 0x000000070de00000| PB 0x000000070de00000| Untracked |  0
|  78|0x000000070e000000, 0x000000070e000000, 0x000000070e200000|  0%| F|  |TAMS 0x000000070e000000| PB 0x000000070e000000| Untracked |  0
|  79|0x000000070e200000, 0x000000070e200000, 0x000000070e400000|  0%| F|  |TAMS 0x000000070e200000| PB 0x000000070e200000| Untracked |  0
|  80|0x000000070e400000, 0x000000070e400000, 0x000000070e600000|  0%| F|  |TAMS 0x000000070e400000| PB 0x000000070e400000| Untracked |  0
|  81|0x000000070e600000, 0x000000070e600000, 0x000000070e800000|  0%| F|  |TAMS 0x000000070e600000| PB 0x000000070e600000| Untracked |  0
|  82|0x000000070e800000, 0x000000070e800000, 0x000000070ea00000|  0%| F|  |TAMS 0x000000070e800000| PB 0x000000070e800000| Untracked |  0
|  83|0x000000070ea00000, 0x000000070ea00000, 0x000000070ec00000|  0%| F|  |TAMS 0x000000070ea00000| PB 0x000000070ea00000| Untracked |  0
|  84|0x000000070ec00000, 0x000000070ec00000, 0x000000070ee00000|  0%| F|  |TAMS 0x000000070ec00000| PB 0x000000070ec00000| Untracked |  0
|  85|0x000000070ee00000, 0x000000070ee00000, 0x000000070f000000|  0%| F|  |TAMS 0x000000070ee00000| PB 0x000000070ee00000| Untracked |  0
|  86|0x000000070f000000, 0x000000070f000000, 0x000000070f200000|  0%| F|  |TAMS 0x000000070f000000| PB 0x000000070f000000| Untracked |  0
|  87|0x000000070f200000, 0x000000070f200000, 0x000000070f400000|  0%| F|  |TAMS 0x000000070f200000| PB 0x000000070f200000| Untracked |  0
|  88|0x000000070f400000, 0x000000070f400000, 0x000000070f600000|  0%| F|  |TAMS 0x000000070f400000| PB 0x000000070f400000| Untracked |  0
|  89|0x000000070f600000, 0x000000070f600000, 0x000000070f800000|  0%| F|  |TAMS 0x000000070f600000| PB 0x000000070f600000| Untracked |  0
|  90|0x000000070f800000, 0x000000070f800000, 0x000000070fa00000|  0%| F|  |TAMS 0x000000070f800000| PB 0x000000070f800000| Untracked |  0
|  91|0x000000070fa00000, 0x000000070fa00000, 0x000000070fc00000|  0%| F|  |TAMS 0x000000070fa00000| PB 0x000000070fa00000| Untracked |  0
|  92|0x000000070fc00000, 0x000000070fc00000, 0x000000070fe00000|  0%| F|  |TAMS 0x000000070fc00000| PB 0x000000070fc00000| Untracked |  0
|  93|0x000000070fe00000, 0x000000070fe00000, 0x0000000710000000|  0%| F|  |TAMS 0x000000070fe00000| PB 0x000000070fe00000| Untracked |  0
|  94|0x0000000710000000, 0x0000000710000000, 0x0000000710200000|  0%| F|  |TAMS 0x0000000710000000| PB 0x0000000710000000| Untracked |  0
|  95|0x0000000710200000, 0x0000000710200000, 0x0000000710400000|  0%| F|  |TAMS 0x0000000710200000| PB 0x0000000710200000| Untracked |  0
|  96|0x0000000710400000, 0x0000000710400000, 0x0000000710600000|  0%| F|  |TAMS 0x0000000710400000| PB 0x0000000710400000| Untracked |  0
|  97|0x0000000710600000, 0x0000000710600000, 0x0000000710800000|  0%| F|  |TAMS 0x0000000710600000| PB 0x0000000710600000| Untracked |  0
|  98|0x0000000710800000, 0x0000000710800000, 0x0000000710a00000|  0%| F|  |TAMS 0x0000000710800000| PB 0x0000000710800000| Untracked |  0
|  99|0x0000000710a00000, 0x0000000710a00000, 0x0000000710c00000|  0%| F|  |TAMS 0x0000000710a00000| PB 0x0000000710a00000| Untracked |  0
| 100|0x0000000710c00000, 0x0000000710c00000, 0x0000000710e00000|  0%| F|  |TAMS 0x0000000710c00000| PB 0x0000000710c00000| Untracked |  0
| 101|0x0000000710e00000, 0x0000000710e00000, 0x0000000711000000|  0%| F|  |TAMS 0x0000000710e00000| PB 0x0000000710e00000| Untracked |  0
| 102|0x0000000711000000, 0x0000000711000000, 0x0000000711200000|  0%| F|  |TAMS 0x0000000711000000| PB 0x0000000711000000| Untracked |  0
| 103|0x0000000711200000, 0x0000000711200000, 0x0000000711400000|  0%| F|  |TAMS 0x0000000711200000| PB 0x0000000711200000| Untracked |  0
| 104|0x0000000711400000, 0x0000000711400000, 0x0000000711600000|  0%| F|  |TAMS 0x0000000711400000| PB 0x0000000711400000| Untracked |  0
| 105|0x0000000711600000, 0x0000000711600000, 0x0000000711800000|  0%| F|  |TAMS 0x0000000711600000| PB 0x0000000711600000| Untracked |  0
| 106|0x0000000711800000, 0x0000000711800000, 0x0000000711a00000|  0%| F|  |TAMS 0x0000000711800000| PB 0x0000000711800000| Untracked |  0
| 107|0x0000000711a00000, 0x0000000711a00000, 0x0000000711c00000|  0%| F|  |TAMS 0x0000000711a00000| PB 0x0000000711a00000| Untracked |  0
| 108|0x0000000711c00000, 0x0000000711c00000, 0x0000000711e00000|  0%| F|  |TAMS 0x0000000711c00000| PB 0x0000000711c00000| Untracked |  0
| 109|0x0000000711e00000, 0x0000000711e00000, 0x0000000712000000|  0%| F|  |TAMS 0x0000000711e00000| PB 0x0000000711e00000| Untracked |  0
| 110|0x0000000712000000, 0x0000000712000000, 0x0000000712200000|  0%| F|  |TAMS 0x0000000712000000| PB 0x0000000712000000| Untracked |  0
| 111|0x0000000712200000, 0x0000000712200000, 0x0000000712400000|  0%| F|  |TAMS 0x0000000712200000| PB 0x0000000712200000| Untracked |  0
| 112|0x0000000712400000, 0x0000000712400000, 0x0000000712600000|  0%| F|  |TAMS 0x0000000712400000| PB 0x0000000712400000| Untracked |  0
| 113|0x0000000712600000, 0x0000000712600000, 0x0000000712800000|  0%| F|  |TAMS 0x0000000712600000| PB 0x0000000712600000| Untracked |  0
| 114|0x0000000712800000, 0x0000000712800000, 0x0000000712a00000|  0%| F|  |TAMS 0x0000000712800000| PB 0x0000000712800000| Untracked |  0
| 115|0x0000000712a00000, 0x0000000712a00000, 0x0000000712c00000|  0%| F|  |TAMS 0x0000000712a00000| PB 0x0000000712a00000| Untracked |  0
| 116|0x0000000712c00000, 0x0000000712c00000, 0x0000000712e00000|  0%| F|  |TAMS 0x0000000712c00000| PB 0x0000000712c00000| Untracked |  0
| 117|0x0000000712e00000, 0x0000000712e00000, 0x0000000713000000|  0%| F|  |TAMS 0x0000000712e00000| PB 0x0000000712e00000| Untracked |  0
| 118|0x0000000713000000, 0x0000000713000000, 0x0000000713200000|  0%| F|  |TAMS 0x0000000713000000| PB 0x0000000713000000| Untracked |  0
| 119|0x0000000713200000, 0x0000000713200000, 0x0000000713400000|  0%| F|  |TAMS 0x0000000713200000| PB 0x0000000713200000| Untracked |  0
| 120|0x0000000713400000, 0x0000000713400000, 0x0000000713600000|  0%| F|  |TAMS 0x0000000713400000| PB 0x0000000713400000| Untracked |  0
| 121|0x0000000713600000, 0x0000000713600000, 0x0000000713800000|  0%| F|  |TAMS 0x0000000713600000| PB 0x0000000713600000| Untracked |  0
| 122|0x0000000713800000, 0x0000000713800000, 0x0000000713a00000|  0%| F|  |TAMS 0x0000000713800000| PB 0x0000000713800000| Untracked |  0
| 123|0x0000000713a00000, 0x0000000713a00000, 0x0000000713c00000|  0%| F|  |TAMS 0x0000000713a00000| PB 0x0000000713a00000| Untracked |  0
| 124|0x0000000713c00000, 0x0000000713d70b40, 0x0000000713e00000| 72%| E|  |TAMS 0x0000000713c00000| PB 0x0000000713c00000| Complete |  0
| 125|0x0000000713e00000, 0x0000000714000000, 0x0000000714000000|100%| E|CS|TAMS 0x0000000713e00000| PB 0x0000000713e00000| Complete |  0

Card table byte_map: [0x000002382e4d0000,0x000002382ecb0000] _byte_map_base: 0x000002382acae000

Marking Bits: (CMBitMap*) 0x0000023816195fa0
 Bits: [0x000002382ecb0000, 0x0000023832ba0000)

Polling page: 0x0000023814090000

Metaspace:

Usage:
  Non-class:    322.18 KB used.
      Class:     16.00 KB used.
       Both:    338.18 KB used.

Virtual space:
  Non-class space:       64.00 MB reserved,     384.00 KB ( <1%) committed,  1 nodes.
      Class space:        1.00 GB reserved,     128.00 KB ( <1%) committed,  1 nodes.
             Both:        1.06 GB reserved,     512.00 KB ( <1%) committed. 

Chunk freelists:
   Non-Class:  12.00 MB
       Class:  15.75 MB
        Both:  27.74 MB

MaxMetaspaceSize: unlimited
CompressedClassSpaceSize: 1.00 GB
Initial GC threshold: 21.00 MB
Current GC threshold: 21.00 MB
CDS: on
 - commit_granule_bytes: 65536.
 - commit_granule_words: 8192.
 - virtual_space_node_default_size: 8388608.
 - enlarge_chunks_in_place: 1.
 - use_allocation_guard: 0.


Internal statistics:

num_allocs_failed_limit: 0.
num_arena_births: 6.
num_arena_deaths: 0.
num_vsnodes_births: 2.
num_vsnodes_deaths: 0.
num_space_committed: 8.
num_space_uncommitted: 0.
num_chunks_returned_to_freelist: 0.
num_chunks_taken_from_freelist: 7.
num_chunk_merges: 0.
num_chunk_splits: 5.
num_chunks_enlarged: 2.
num_inconsistent_stats: 0.

CodeHeap 'non-profiled nmethods': size=119168Kb used=627Kb max_used=627Kb free=118540Kb
 bounds [0x0000023826000000, 0x0000023826270000, 0x000002382d460000]
CodeHeap 'profiled nmethods': size=119104Kb used=220Kb max_used=220Kb free=118883Kb
 bounds [0x000002381e460000, 0x000002381e6d0000, 0x00000238258b0000]
CodeHeap 'non-nmethods': size=7488Kb used=2380Kb max_used=2394Kb free=5107Kb
 bounds [0x00000238258b0000, 0x0000023825b90000, 0x0000023826000000]
 total_blobs=588 nmethods=212 adapters=278
 compilation: enabled
              stopped_count=0, restarted_count=0
 full_count=0

Compilation events (20 events):
Event: 0.079 Thread 0x0000023835b72e90  195       3       java.lang.AbstractStringBuilder::ensureCapacityInternal (39 bytes)
Event: 0.079 Thread 0x0000023835ca4a40 nmethod 190 0x000002381e491410 code [0x000002381e4915e0, 0x000002381e4918b8]
Event: 0.079 Thread 0x0000023835ca4a40  194       3       java.lang.AbstractStringBuilder::isLatin1 (19 bytes)
Event: 0.079 Thread 0x0000023835b72e90 nmethod 195 0x000002381e491a10 code [0x000002381e491bc0, 0x000002381e491df8]
Event: 0.079 Thread 0x0000023835ca4a40 nmethod 194 0x000002381e491f10 code [0x000002381e4920a0, 0x000002381e492210]
Event: 0.079 Thread 0x0000023835ca6580 nmethod 193 0x000002381e492290 code [0x000002381e4924a0, 0x000002381e4929d0]
Event: 0.079 Thread 0x0000023835b72e90  196       1       java.lang.module.ModuleDescriptor$Version::toString (5 bytes)
Event: 0.079 Thread 0x0000023835b71a90 nmethod 169 0x000002382609a490 code [0x000002382609a620, 0x000002382609a700]
Event: 0.079 Thread 0x0000023835b71a90  179       4       java.lang.String::equals (56 bytes)
Event: 0.079 Thread 0x0000023835b72e90 nmethod 196 0x000002382609a810 code [0x000002382609a9a0, 0x000002382609aa70]
Event: 0.080 Thread 0x0000023835b72e90  197       1       java.lang.module.ResolvedModule::reference (5 bytes)
Event: 0.080 Thread 0x0000023835ca6580  198       3       java.lang.module.ResolvedModule::name (11 bytes)
Event: 0.080 Thread 0x0000023835ca4a40  199       3       java.util.HashSet::<init> (16 bytes)
Event: 0.080 Thread 0x0000023835b72e90 nmethod 197 0x000002382609ab10 code [0x000002382609aca0, 0x000002382609ad70]
Event: 0.080 Thread 0x0000023835ca6580 nmethod 198 0x000002381e492c10 code [0x000002381e492da0, 0x000002381e492ef8]
Event: 0.080 Thread 0x0000023835ca4a40 nmethod 199 0x000002381e493010 code [0x000002381e4931e0, 0x000002381e4935f0]
Event: 0.080 Thread 0x0000023835b71a90 nmethod 179 0x000002382609ae10 code [0x000002382609afa0, 0x000002382609b190]
Event: 0.080 Thread 0x0000023835b71a90  157       4       java.util.HashMap::afterNodeInsertion (1 bytes)
Event: 0.080 Thread 0x0000023835b71a90 nmethod 157 0x000002382609b290 code [0x000002382609b400, 0x000002382609b488]
Event: 0.080 Thread 0x0000023835b71a90  178       4       java.util.HashMap::newNode (13 bytes)

GC Heap History (0 events):
No events

Dll operation events (2 events):
Event: 0.009 Loaded shared library D:\JAVA\JDK\JDK22\bin\java.dll
Event: 0.037 Loaded shared library D:\JAVA\JDK\JDK22\bin\jsvml.dll

Deoptimization events (0 events):
No events

Classes loaded (16 events):
Event: 0.028 Loading class sun/nio/cs/GBK
Event: 0.028 Loading class sun/nio/cs/GBK done
Event: 0.029 Loading class sun/nio/cs/DoubleByte$Decoder
Event: 0.029 Loading class sun/nio/cs/DelegatableDecoder
Event: 0.029 Loading class sun/nio/cs/DelegatableDecoder done
Event: 0.029 Loading class sun/nio/cs/DoubleByte$Decoder done
Event: 0.029 Loading class sun/nio/cs/GBK$DecodeHolder
Event: 0.029 Loading class sun/nio/cs/GBK$DecodeHolder done
Event: 0.029 Loading class sun/nio/cs/DoubleByte
Event: 0.029 Loading class sun/nio/cs/DoubleByte done
Event: 0.032 Loading class sun/nio/cs/DoubleByte$Encoder
Event: 0.032 Loading class sun/nio/cs/DoubleByte$Encoder done
Event: 0.032 Loading class sun/nio/cs/GBK$EncodeHolder
Event: 0.032 Loading class sun/nio/cs/GBK$EncodeHolder done
Event: 0.074 Loading class jdk/internal/module/ModuleReferenceImpl$CachedHash
Event: 0.074 Loading class jdk/internal/module/ModuleReferenceImpl$CachedHash done

Classes unloaded (0 events):
No events

Classes redefined (0 events):
No events

Internal exceptions (0 events):
No events

ZGC Phase Switch (0 events):
No events

VM Operations (0 events):
No events

Memory protections (0 events):
No events

Nmethod flushes (0 events):
No events

Events (14 events):
Event: 0.020 Thread 0x000002381612bcb0 Thread added: 0x000002381612bcb0
Event: 0.035 Thread 0x000002381612bcb0 Thread added: 0x0000023835b65470
Event: 0.035 Thread 0x000002381612bcb0 Thread added: 0x0000023835b69b00
Event: 0.035 Thread 0x000002381612bcb0 Thread added: 0x0000023835b6bd00
Event: 0.035 Thread 0x000002381612bcb0 Thread added: 0x0000023835b6c370
Event: 0.035 Thread 0x000002381612bcb0 Thread added: 0x0000023835b6ce00
Event: 0.035 Thread 0x000002381612bcb0 Thread added: 0x0000023835b73cf0
Event: 0.035 Thread 0x000002381612bcb0 Thread added: 0x0000023835b71a90
Event: 0.035 Thread 0x000002381612bcb0 Thread added: 0x0000023835b72e90
Event: 0.070 Thread 0x000002381612bcb0 Thread added: 0x0000023835c9fdc0
Event: 0.074 Thread 0x0000023835b72e90 Thread added: 0x0000023835ca6580
Event: 0.074 Thread 0x0000023835b72e90 Thread added: 0x0000023835ca4a40
Event: 0.075 Thread 0x0000023835b72e90 Thread added: 0x0000023835ca6c50
Event: 0.077 Thread 0x0000023835b71a90 Thread added: 0x0000023835ca4370


Dynamic libraries:
0x00007ff6a71b0000 - 0x00007ff6a71be000 	D:\JAVA\JDK\JDK22\bin\java.exe
0x00007ffeed330000 - 0x00007ffeed547000 	C:\WINDOWS\SYSTEM32\ntdll.dll
0x00007ffeec410000 - 0x00007ffeec4d4000 	C:\WINDOWS\System32\KERNEL32.DLL
0x00007ffeea660000 - 0x00007ffeeaa19000 	C:\WINDOWS\System32\KERNELBASE.dll
0x00007ffeeaa50000 - 0x00007ffeeab61000 	C:\WINDOWS\System32\ucrtbase.dll
0x00007ffe74470000 - 0x00007ffe7448b000 	D:\JAVA\JDK\JDK22\bin\VCRUNTIME140.dll
0x00007ffe74650000 - 0x00007ffe74667000 	D:\JAVA\JDK\JDK22\bin\jli.dll
0x00007ffeecc30000 - 0x00007ffeecdde000 	C:\WINDOWS\System32\USER32.dll
0x00007ffeea630000 - 0x00007ffeea656000 	C:\WINDOWS\System32\win32u.dll
0x00007ffecdbc0000 - 0x00007ffecde52000 	C:\WINDOWS\WinSxS\amd64_microsoft.windows.common-controls_6595b64144ccf1df_6.0.22621.4391_none_2715d37f73803e96\COMCTL32.dll
0x00007ffeeba20000 - 0x00007ffeeba49000 	C:\WINDOWS\System32\GDI32.dll
0x00007ffeece40000 - 0x00007ffeecee7000 	C:\WINDOWS\System32\msvcrt.dll
0x00007ffeeaeb0000 - 0x00007ffeeafcb000 	C:\WINDOWS\System32\gdi32full.dll
0x00007ffeeac30000 - 0x00007ffeeacca000 	C:\WINDOWS\System32\msvcp_win.dll
0x00007ffeeb960000 - 0x00007ffeeb991000 	C:\WINDOWS\System32\IMM32.DLL
0x00007ffecfe00000 - 0x00007ffecfe0c000 	D:\JAVA\JDK\JDK22\bin\vcruntime140_1.dll
0x00007ffe6e100000 - 0x00007ffe6e18e000 	D:\JAVA\JDK\JDK22\bin\msvcp140.dll
0x00007ffde8cd0000 - 0x00007ffde9a19000 	D:\JAVA\JDK\JDK22\bin\server\jvm.dll
0x00007ffeebec0000 - 0x00007ffeebf72000 	C:\WINDOWS\System32\ADVAPI32.dll
0x00007ffeec360000 - 0x00007ffeec407000 	C:\WINDOWS\System32\sechost.dll
0x00007ffeeaa20000 - 0x00007ffeeaa48000 	C:\WINDOWS\System32\bcrypt.dll
0x00007ffeec0e0000 - 0x00007ffeec1f4000 	C:\WINDOWS\System32\RPCRT4.dll
0x00007ffeeba50000 - 0x00007ffeebac1000 	C:\WINDOWS\System32\WS2_32.dll
0x00007ffee9480000 - 0x00007ffee94cd000 	C:\WINDOWS\SYSTEM32\POWRPROF.dll
0x00007ffedf030000 - 0x00007ffedf03a000 	C:\WINDOWS\SYSTEM32\VERSION.dll
0x00007ffee2fa0000 - 0x00007ffee2fd4000 	C:\WINDOWS\SYSTEM32\WINMM.dll
0x00007ffee9460000 - 0x00007ffee9473000 	C:\WINDOWS\SYSTEM32\UMPDC.dll
0x00007ffee9720000 - 0x00007ffee9738000 	C:\WINDOWS\SYSTEM32\kernel.appcore.dll
0x00007ffecd120000 - 0x00007ffecd12a000 	D:\JAVA\JDK\JDK22\bin\jimage.dll
0x00007ffee7930000 - 0x00007ffee7b62000 	C:\WINDOWS\SYSTEM32\DBGHELP.DLL
0x00007ffeebad0000 - 0x00007ffeebe5f000 	C:\WINDOWS\System32\combase.dll
0x00007ffeebfa0000 - 0x00007ffeec077000 	C:\WINDOWS\System32\OLEAUT32.dll
0x00007ffeb52f0000 - 0x00007ffeb5322000 	C:\WINDOWS\SYSTEM32\dbgcore.DLL
0x00007ffeeafd0000 - 0x00007ffeeb04b000 	C:\WINDOWS\System32\bcryptPrimitives.dll
0x00007ffecd0a0000 - 0x00007ffecd0af000 	D:\JAVA\JDK\JDK22\bin\instrument.dll
0x00007ffe711d0000 - 0x00007ffe711ee000 	D:\JAVA\JDK\JDK22\bin\java.dll
0x00007ffeeb0e0000 - 0x00007ffeeb956000 	C:\WINDOWS\System32\SHELL32.dll
0x00007ffeed030000 - 0x00007ffeed1d5000 	C:\WINDOWS\System32\ole32.dll
0x00007ffee8540000 - 0x00007ffee8e43000 	C:\WINDOWS\SYSTEM32\windows.storage.dll
0x00007ffee8400000 - 0x00007ffee853f000 	C:\WINDOWS\SYSTEM32\wintypes.dll
0x00007ffeed1f0000 - 0x00007ffeed2e9000 	C:\WINDOWS\System32\SHCORE.dll
0x00007ffeebe60000 - 0x00007ffeebebe000 	C:\WINDOWS\System32\shlwapi.dll
0x00007ffeea560000 - 0x00007ffeea58b000 	C:\WINDOWS\SYSTEM32\profapi.dll
0x00007ffe66eb0000 - 0x00007ffe66f87000 	D:\JAVA\JDK\JDK22\bin\jsvml.dll
0x00007ffe71150000 - 0x00007ffe71167000 	D:\JAVA\JDK\JDK22\bin\zip.dll

dbghelp: loaded successfully - version: 4.0.5 - missing functions: none
symbol engine: initialized successfully - sym options: 0x614 - pdb path: .;D:\JAVA\JDK\JDK22\bin;C:\WINDOWS\SYSTEM32;C:\WINDOWS\WinSxS\amd64_microsoft.windows.common-controls_6595b64144ccf1df_6.0.22621.4391_none_2715d37f73803e96;D:\JAVA\JDK\JDK22\bin\server

VM Arguments:
jvm_args: -javaagent:D:\Program Files\JetBrains\IntelliJ IDEA Community Edition 2021.3.3\lib\idea_rt.jar=55879:D:\Program Files\JetBrains\IntelliJ IDEA Community Edition 2021.3.3\bin -Dfile.encoding=UTF-8 
java_command: com.shoppingweb.ShoppingWebApplication
java_class_path (initial): D:\code\Java\shoppingWeb\target\classes;C:\Users\л\.m2\repository\org\springframework\boot\spring-boot-starter-web\3.3.3\spring-boot-starter-web-3.3.3.jar;C:\Users\л\.m2\repository\org\springframework\boot\spring-boot-starter\3.3.3\spring-boot-starter-3.3.3.jar;C:\Users\л\.m2\repository\org\springframework\boot\spring-boot\3.3.3\spring-boot-3.3.3.jar;C:\Users\л\.m2\repository\org\springframework\boot\spring-boot-autoconfigure\3.3.3\spring-boot-autoconfigure-3.3.3.jar;C:\Users\л\.m2\repository\org\springframework\boot\spring-boot-starter-logging\3.3.3\spring-boot-starter-logging-3.3.3.jar;C:\Users\л\.m2\repository\ch\qos\logback\logback-classic\1.5.7\logback-classic-1.5.7.jar;C:\Users\л\.m2\repository\ch\qos\logback\logback-core\1.5.7\logback-core-1.5.7.jar;C:\Users\л\.m2\repository\org\apache\logging\log4j\log4j-to-slf4j\2.23.1\log4j-to-slf4j-2.23.1.jar;C:\Users\л\.m2\repository\org\apache\logging\log4j\log4j-api\2.23.1\log4j-api-2.23.1.jar;C:\Users\л\.m2\repository\org\slf4j\jul-to-slf4j\2.0.16\jul-to-slf4j-2.0.16.jar;C:\Users\л\.m2\repository\jakarta\annotation\jakarta.annotation-api\2.1.1\jakarta.annotation-api-2.1.1.jar;C:\Users\л\.m2\repository\org\yaml\snakeyaml\2.2\snakeyaml-2.2.jar;C:\Users\л\.m2\repository\org\springframework\boot\spring-boot-starter-json\3.3.3\spring-boot-starter-json-3.3.3.jar;C:\Users\л\.m2\repository\com\fasterxml\jackson\core\jackson-databind\2.17.2\jackson-databind-2.17.2.jar;C:\Users\л\.m2\repository\com\fasterxml\jackson\core\jackson-annotations\2.17.2\jackson-annotations-2.17.2.jar;C:\Users\л\.m2\repository\com\fasterxml\jackson\core\jackson-core\2.17.2\jackson-core-2.17.2.jar;C:\Users\л\.m2\repository\com\fasterxml\jackson\datatype\jackson-datatype-jdk8\2.17.2\jackson-datatype-jdk8-2.17.2.jar;C:\Users\л\.m2\repository\com\fasterxml\jackson\datatype\jackson-datatype-jsr310\2.17.2\jackson-datatype-jsr310-2.17.2.jar;C:\Users\л\.m2\repository\com\fasterxml\jackson\module\jackson-module-parameter-names\2.17.2\jackson-module-parameter-names-2.17.2.jar;C:\Users\л\.m2\repository\org\springframework\boot\spring-boot-starter-tomcat\3.3.3\spring-boot-starter-tomcat-3.3.3.jar;C:\Users\л\.m2\repository\org\apache\tomcat\embed\tomcat-embed-core\10.1.28\tomcat-embed-core-10.1.28.jar;C:\Users\л\.m2\repository\org\apache\tomcat\embed\tomcat-embed-el\10.1.28\tomcat-embed-el-10.1.28.jar;C:\Users\л\.m2\repository\org\apache\tomcat\embed\tomcat-embed-websocket\10.1.28\tomcat-embed-websocket-10.1.28.jar;C:\Users\л\.m2\repository\org\springframework\spring-web\6.1.12\spring-web-6.1.12.jar;C:\Users\л\.m2\repository\org\springframework\spring-beans\6.1.12\spring-beans-6.1.12.jar;C:\Users\л\.m2\repository\io\micrometer\micrometer-observation\1.13.3\micrometer-observation-1.13.3.jar;C:\Users\л\.m2\repository\io\micrometer\micrometer-commons\1.13.3\micrometer-commons-1.13.3.jar;C:\Users\л\.m2\repository\org\springframework\spring-webmvc\6.1.12\spring-webmvc-6.1.12.jar;C:\Users\л\.m2\repository\org\springframework\spring-aop\6.1.12\spring-aop-6.1.12.jar;C:\Users\л\.m2\repository\org\springframework\spring-context\6.1.12\spring-context-6.1.12.jar;C:\Users\л\.m2\repository\org\springframework\spring-expression\6.1.12\spring-expression-6.1.12.jar;C:\Users\л\.m2\repository\org\slf4j\slf4j-api\2.0.16\slf4j-api-2.0.16.jar;C:\Users\л\.m2\repository\jakarta\activation\jakarta.activation-api\2.1.3\jakarta.activation-api-2.1.3.jar;C:\Users\л\.m2\repository\org\springframework\spring-core\6.1.12\spring-core-6.1.12.jar;C:\Users\л\.m2\repository\org\springframework\spring-jcl\6.1.12\spring-jcl-6.1.12.jar;C:\Users\л\.m2\repository\net\sourceforge\jtds\jtds\1.3.1\jtds-1.3.1.jar;C:\Users\л\.m2\repository\com\mysql\mysql-connector-j\8.0.31\mysql-connector-j-8.0.31.jar;C:\Users\л\.m2\repository\org\mybatis\spring\boot\mybatis-spring-boot-starter\3.0.3\mybatis-spring-boot-starter-3.0.3.jar;C:\Users\л\.m2\repository\org\springframework\boot\spring-boot-starter-jdbc\3.3.3\spring-boot-starter-jdbc-3.3.3.jar;C:\Users\л\.m2\repository\com\zaxxer\HikariCP\5.1.0\HikariCP-5.1.0.jar;C:\Users\л\.m2\repository\org\springframework\spring-jdbc\6.1.12\spring-jdbc-6.1.12.jar;C:\Users\л\.m2\repository\org\springframework\spring-tx\6.1.12\spring-tx-6.1.12.jar;C:\Users\л\.m2\repository\org\mybatis\spring\boot\mybatis-spring-boot-autoconfigure\3.0.3\mybatis-spring-boot-autoconfigure-3.0.3.jar;C:\Users\л\.m2\repository\org\mybatis\mybatis\3.5.14\mybatis-3.5.14.jar;C:\Users\л\.m2\repository\org\mybatis\mybatis-spring\3.0.3\mybatis-spring-3.0.3.jar;C:\Users\л\.m2\repository\tk\mybatis\mapper\4.1.5\mapper-4.1.5.jar;C:\Users\л\.m2\repository\javax\persistence\persistence-api\1.0\persistence-api-1.0.jar;C:\Users\л\.m2\repository\javax\servlet\javax.servlet-api\4.0.1\javax.servlet-api-4.0.1.jar;C:\Users\л\.m2\repository\cn\hutool\hutool-all\5.8.18\hutool-all-5.8.18.jar;C:\Users\л\.m2\repository\org\springframework\boot\spring-boot-starter-mail\3.3.3\spring-boot-starter-mail-3.3.3.jar;C:\Users\л\.m2\repository\org\springframework\spring-context-support\6.1.12\spring-context-support-6.1.12.jar;C:\Users\л\.m2\repository\org\eclipse\angus\jakarta.mail\2.0.3\jakarta.mail-2.0.3.jar;C:\Users\л\.m2\repository\org\eclipse\angus\angus-activation\2.0.2\angus-activation-2.0.2.jar;C:\Users\л\.m2\repository\org\apache\commons\commons-lang3\3.12.0\commons-lang3-3.12.0.jar;C:\Users\л\.m2\repository\javax\mail\javax.mail-api\1.6.2\javax.mail-api-1.6.2.jar
Launcher Type: SUN_STANDARD

[Global flags]
     intx CICompilerCount                          = 12                                        {product} {ergonomic}
     uint ConcGCThreads                            = 3                                         {product} {ergonomic}
     uint G1ConcRefinementThreads                  = 13                                        {product} {ergonomic}
   size_t G1HeapRegionSize                         = 2097152                                   {product} {ergonomic}
   size_t InitialHeapSize                          = 264241152                                 {product} {ergonomic}
   size_t MarkStackSize                            = 4194304                                   {product} {ergonomic}
   size_t MaxHeapSize                              = 4223664128                                {product} {ergonomic}
   size_t MaxNewSize                               = 2533359616                                {product} {ergonomic}
   size_t MinHeapDeltaBytes                        = 2097152                                   {product} {ergonomic}
   size_t MinHeapSize                              = 8388608                                   {product} {ergonomic}
    uintx NonNMethodCodeHeapSize                   = 7602480                                {pd product} {ergonomic}
    uintx NonProfiledCodeHeapSize                  = 122027880                              {pd product} {ergonomic}
    uintx ProfiledCodeHeapSize                     = 122027880                              {pd product} {ergonomic}
    uintx ReservedCodeCacheSize                    = 251658240                              {pd product} {ergonomic}
     bool SegmentedCodeCache                       = true                                      {product} {ergonomic}
   size_t SoftMaxHeapSize                          = 4223664128                             {manageable} {ergonomic}
     bool UseCompressedOops                        = true                           {product lp64_product} {ergonomic}
     bool UseG1GC                                  = true                                      {product} {ergonomic}
     bool UseLargePagesIndividualAllocation        = false                                  {pd product} {ergonomic}

Logging:
Log output configuration:
 #0: stdout all=warning uptime,level,tags foldmultilines=false
 #1: stderr all=off uptime,level,tags foldmultilines=false

Environment Variables:
JAVA_HOME=D:\JAVA\JDK
PATH=D:\Program Files\VMware\bin\;C:\Program Files\Microsoft MPI\Bin\;C:\Program Files (x86)\NVIDIA Corporation\PhysX\Common;D:\JAVA\JDK\bin;C:\WINDOWS\system32;C:\WINDOWS;C:\WINDOWS\System32\Wbem;C:\WINDOWS\System32\WindowsPowerShell\v1.0\;C:\WINDOWS\System32\OpenSSH\;C:\Program Files (x86)\pcsuite\;D:\pcsuite\;C:\Program Files (x86)\Windows Kits\8.1\Windows Performance Toolkit\;C:\Strawberry\c\bin;C:\Strawberry\perl\site\bin;C:\Strawberry\perl\bin;D:\cmake\bin;D:\TDM-GCC-32\bin;D:\win_flex_bison-2.5.20;D:\iverilog\bin;D:\mingw\bin;D:\mingw\msys\1.0\bin;D:\matlab\bin;D:\pandoc-3.1.13;D:\Git\cmd;C:\Program Files (x86)\Microsoft SQL Server\160\Tools\Binn\;C:\Program Files\Microsoft SQL Server\160\Tools\Binn\;C:\Program Files\Microsoft SQL Server\Client SDK\ODBC\170\Tools\Binn\;C:\Program Files\Microsoft SQL Server\160\DTS\Binn\;C:\Program Files (x86)\Microsoft SQL Server\160\DTS\Binn\;D:\Anaconda3\Library\bin;D:\Anaconda3;D:\Anaconda3\Scripts;D:\Program Files\Node\;D:\Program Files\NeuCube\MATLAB\v912\runtime\win64;C:\Program Files\dotnet\;D:\Program Files\MySQL\MySQL Shell 8.0\bin\;D:\software;D:\software\Library\mingw-w64\bin;D:\software\Library\usr\bin;D:\software\Library\bin;D:\software\Scripts;C:\Users\л\AppData\Local\Programs\Python\Python311\Scripts\;:\Users\л\AppData\Local\Programs\Python\Python311\;USERPROFILE%\AppData\Local\Microsoft\WindowsApps;C:\Users\л\AppData\Local\Programs\Microsoft VS Code\bin;:\cv\opencv\build\x64\vc15\bin;:\ndoejs;D:\iverilog\bin;D:\iverilog\gtkwave\bin;D:\PyCharm Community Edition 2019.3.5\bin;;D:\mysql-8.3.0\mysql-8.3.0-winx64\bin\bin;D:\PyCharm 2024.1.1\bin;;D:\software2\IntelliJ IDEA 2024.2.1\bin;;D:\Program Files\JetBrains\IntelliJ IDEA Community Edition 2021.3.3\bin;;C:\Users\л\AppData\Roaming\npm
USERNAME=л
OS=Windows_NT
PROCESSOR_IDENTIFIER=Intel64 Family 6 Model 154 Stepping 3, GenuineIntel
TMP=C:\Windows\Temp
TEMP=C:\Windows\Temp




Periodic native trim disabled

---------------  S Y S T E M  ---------------

OS:
 Windows 11 , 64 bit Build 22621 (10.0.22621.4391)
OS uptime: 1 days 3:25 hours

CPU: total 16 (initial active 16) (8 cores per cpu, 2 threads per core) family 6 model 154 stepping 3 microcode 0x41b, cx8, cmov, fxsr, ht, mmx, 3dnowpref, sse, sse2, sse3, ssse3, sse4.1, sse4.2, popcnt, lzcnt, tsc, tscinvbit, avx, avx2, aes, erms, clmul, bmi1, bmi2, adx, sha, fma, vzeroupper, clflush, clflushopt, clwb, serialize, rdtscp, rdpid, fsrm, f16c, pku, cet_ibt, cet_ss
Processor Information for processor 0
  Max Mhz: 2500, Current Mhz: 2500, Mhz Limit: 2500
Processor Information for processor 1
  Max Mhz: 2500, Current Mhz: 2500, Mhz Limit: 2500
Processor Information for processor 2
  Max Mhz: 2500, Current Mhz: 2500, Mhz Limit: 2500
Processor Information for processor 3
  Max Mhz: 2500, Current Mhz: 2500, Mhz Limit: 2500
Processor Information for processor 4
  Max Mhz: 2500, Current Mhz: 2500, Mhz Limit: 2500
Processor Information for processor 5
  Max Mhz: 2500, Current Mhz: 2500, Mhz Limit: 2500
Processor Information for processor 6
  Max Mhz: 2500, Current Mhz: 2500, Mhz Limit: 2500
Processor Information for processor 7
  Max Mhz: 2500, Current Mhz: 2500, Mhz Limit: 2500
Processor Information for processor 8
  Max Mhz: 2500, Current Mhz: 1800, Mhz Limit: 1800
Processor Information for processor 9
  Max Mhz: 2500, Current Mhz: 1800, Mhz Limit: 1800
Processor Information for processor 10
  Max Mhz: 2500, Current Mhz: 1800, Mhz Limit: 1800
Processor Information for processor 11
  Max Mhz: 2500, Current Mhz: 1800, Mhz Limit: 1800
Processor Information for processor 12
  Max Mhz: 2500, Current Mhz: 1800, Mhz Limit: 1800
Processor Information for processor 13
  Max Mhz: 2500, Current Mhz: 1800, Mhz Limit: 1800
Processor Information for processor 14
  Max Mhz: 2500, Current Mhz: 1800, Mhz Limit: 1800
Processor Information for processor 15
  Max Mhz: 2500, Current Mhz: 1800, Mhz Limit: 1800

Memory: 4k page, system-wide physical 16108M (464M free)
TotalPageFile size 27614M (AvailPageFile size 0M)
current process WorkingSet (physical memory assigned to process): 39M, peak: 39M
current process commit charge ("private bytes"): 347M, peak: 347M

vm_info: OpenJDK 64-Bit Server VM (22.0.2+9-70) for windows-amd64 JRE (22.0.2+9-70), built on 2024-06-04T16:52:23Z by "mach5one" with MS VC++ 17.6 (VS2022)

END.
